<?xml version="1.0" encoding="UTF-8"?>
<testsuites tests="1" failures="0" errors="0" skipped="0">
  <testsuite name="Digital Services in MyTelenor App" timestamp="2024-06-19T22:15:11" time="36.319" tests="1" failures="0" errors="0" skipped="0">
    <properties>
      <property name="specId" value="0"/>
      <property name="featureName" value="Digital Services in MyTelenor App"/>
      <property name="capabilities" value="android.055832505e002417"/>
      <property name="featureFile" value="file:///C:/Users/Farhat.Mehmood/Documents/appium/mta%20framework/features/digitalservice.feature"/>
    </properties>
    <testcase classname="CucumberJUnitReport-android.055832505e002417.Digital Services in MyTelenor App" name="Navigate to Digital Services and activate a specific service" time="36.233">
      <system-out><![CDATA[
✅ When I open the hamburger menu✅ And I navigate to Digital Services✅ And I open all services✅ And I select Music & Video✅ And I open the service details for SmartTunes✅ And I should be able to activate the service✅ And I should confirm service activation✅ Then Success screen should display
]]></system-out>
    </testcase>
  </testsuite>
</testsuites>