<?xml version="1.0" encoding="UTF-8"?>
<testsuites tests="1" failures="0" errors="0" skipped="0">
  <testsuite name="Recharge Using Scratch Card" timestamp="2024-06-19T22:19:11" time="8.692" tests="1" failures="0" errors="0" skipped="0">
    <properties>
      <property name="specId" value="0"/>
      <property name="featureName" value="Recharge Using Scratch Card"/>
      <property name="capabilities" value="android.055832505e002417"/>
      <property name="featureFile" value="file:///C:/Users/Farhat.Mehmood/Documents/appium/mta%20framework/features/rechargescratchcard.feature"/>
    </properties>
    <testcase classname="CucumberJUnitReport-android.055832505e002417.Recharge Using Scratch Card" name="Navigate to Recharge Using Scratch Card" time="8.638">
      <system-out><![CDATA[
✅ Given I open the app
✅ When I navigate to the recharge screen✅ And I open the scratch card tab✅ Then I should enter the scratch card input field and submit
]]></system-out>
    </testcase>
  </testsuite>
</testsuites>