<?xml version="1.0" encoding="UTF-8"?>
<testsuites tests="1" failures="0" errors="0" skipped="0">
  <testsuite name="Acoount Settings functionality" timestamp="2024-06-19T22:14:25" time="10.43" tests="1" failures="0" errors="0" skipped="0">
    <properties>
      <property name="specId" value="0"/>
      <property name="featureName" value="Acoount Settings functionality"/>
      <property name="capabilities" value="android.055832505e002417"/>
      <property name="featureFile" value="file:///C:/Users/Farhat.Mehmood/Documents/appium/mta%20framework/features/accountsettings.feature"/>
    </properties>
    <testcase classname="CucumberJUnitReport-android.055832505e002417.Acoount Settings functionality" name="User logs in with valid credentials" time="10.377">
      <system-out><![CDATA[
✅ Given I am on the home screen
✅ When I nagivate to hamburger menu✅ And I navigate to account Settings✅ Then I click edit email and update the email
]]></system-out>
    </testcase>
  </testsuite>
</testsuites>